<?xml version="1.0" encoding="UTF-8"?>
<TestRun id="062ed75f-3eff-4abd-b3cd-7a6a6cd03ed9" name="Administrator@DEMO 2012-09-25 15:49:16" runUser="DEMO\Administrator" xmlns="http://microsoft.com/schemas/VisualStudio/TeamTest/2010">
  <TestSettings name="Default Test Settings" id="eeb7f7be-bc19-4758-a25d-7f578d121c02">
    <Execution>
      <TestTypeSpecific />
      <AgentRule name="Execution Agents">
      </AgentRule>
    </Execution>
    <Deployment runDeploymentRoot="Administrator_DEMO 2012-09-25 15_49_16" />
  </TestSettings>
  <Times creation="2012-09-25T15:49:16.4115477-04:00" queuing="2012-09-25T15:49:16.7645679-04:00" start="2012-09-25T15:49:16.8515729-04:00" finish="2012-09-25T15:49:19.2797118-04:00" />
  <ResultSummary outcome="Aborted">
    <Counters total="1" executed="1" error="0" failed="0" timeout="0" aborted="1" inconclusive="0" passedButRunAborted="0" notRunnable="0" notExecuted="0" disconnected="0" warning="0" passed="0" completed="0" inProgress="0" pending="0" />
  </ResultSummary>
  <TestDefinitions>
    <WebAiiTest name="Bar" storage="d:\teststudiodemos\workingwithlocators\locatortests\bar.tstest" priority="0" id="ec9f91d0-a598-4f2c-bcd7-f71bae318581" xmlns="http://artoftest.com/schemas/WebAiiDesignCanvas/1.0.0">
      <Description xmlns="http://microsoft.com/schemas/VisualStudio/TeamTest/2010">WebAii Testcase</Description>
      <DeploymentItems xmlns="http://microsoft.com/schemas/VisualStudio/TeamTest/2010">
        <DeploymentItem filename="bin\LocatorTests.dll" />
      </DeploymentItems>
      <Execution id="e235c869-f50b-465d-ac6e-1dae97083863" xmlns="http://microsoft.com/schemas/VisualStudio/TeamTest/2010" />
    </WebAiiTest>
  </TestDefinitions>
  <TestLists>
    <TestList name="Results Not in a List" id="8c84fa94-04c1-424b-9868-57a2d4851a1d" />
    <TestList name="All Loaded Results" id="19431567-8539-422a-85d7-44ee4e166bda" />
  </TestLists>
  <TestEntries>
    <TestEntry testId="ec9f91d0-a598-4f2c-bcd7-f71bae318581" executionId="e235c869-f50b-465d-ac6e-1dae97083863" testListId="8c84fa94-04c1-424b-9868-57a2d4851a1d" />
  </TestEntries>
  <Results>
    <TestResult executionId="e235c869-f50b-465d-ac6e-1dae97083863" testId="ec9f91d0-a598-4f2c-bcd7-f71bae318581" testName="Bar" computerName="DEMO" duration="00:00:02.2851307" startTime="2012-09-25T15:49:16.8575732-04:00" endTime="2012-09-25T15:49:19.1427039-04:00" testType="c4241296-3c6e-46b1-bf92-e0bd3e0eb017" outcome="Aborted" testListId="8c84fa94-04c1-424b-9868-57a2d4851a1d" relativeResultsDirectory="e235c869-f50b-465d-ac6e-1dae97083863">
      <Output>
        <ErrorInfo>
          <Message>User aborted test run.</Message>
        </ErrorInfo>
      </Output>
    </TestResult>
  </Results>
</TestRun>