<?xml version="1.0" encoding="UTF-8"?>
<TestRun id="91ce9d19-aec3-46a9-a021-21e7103f95a0" name="Administrator@DEMO 2012-03-05 10:40:38" runUser="DEMO\Administrator" xmlns="http://microsoft.com/schemas/VisualStudio/TeamTest/2010">
  <TestSettings name="Default Test Settings" id="5defe6de-0421-440e-a917-e8d394041512">
    <Execution>
      <TestTypeSpecific />
      <AgentRule name="Execution Agents">
      </AgentRule>
    </Execution>
    <Deployment runDeploymentRoot="Administrator_DEMO 2012-03-05 10_40_38" />
  </TestSettings>
  <Times creation="2012-03-05T10:40:38.8531542-05:00" queuing="2012-03-05T10:40:41.7483198-05:00" start="2012-03-05T10:40:42.4793616-05:00" finish="2012-03-05T10:42:06.8601879-05:00" />
  <ResultSummary outcome="Error">
    <Counters total="1" executed="1" error="0" failed="0" timeout="0" aborted="1" inconclusive="0" passedButRunAborted="0" notRunnable="0" notExecuted="0" disconnected="0" warning="0" passed="0" completed="0" inProgress="0" pending="0" />
    <RunInfos>
      <RunInfo computerName="DEMO" outcome="Error" timestamp="2012-03-05T10:42:06.8591879-05:00">
        <Text>Test host process exited unexpectedly.</Text>
      </RunInfo>
    </RunInfos>
  </ResultSummary>
  <TestDefinitions>
    <WebAiiTest name="JayneTest" storage="d:\teststudiodemos\workingwithlocators\locatortests\jaynetest.tstest" priority="0" id="850d93cf-145c-42a8-bb1a-e22310642cb6" xmlns="http://artoftest.com/schemas/WebAiiDesignCanvas/1.0.0">
      <Description xmlns="http://microsoft.com/schemas/VisualStudio/TeamTest/2010">WebAii Testcase</Description>
      <DeploymentItems xmlns="http://microsoft.com/schemas/VisualStudio/TeamTest/2010">
        <DeploymentItem filename="bin\Debug\LocatorTests.dll" />
      </DeploymentItems>
      <Execution id="78d4c1a5-9062-4b66-948f-a464f11e7188" xmlns="http://microsoft.com/schemas/VisualStudio/TeamTest/2010" />
    </WebAiiTest>
  </TestDefinitions>
  <TestLists>
    <TestList name="Results Not in a List" id="8c84fa94-04c1-424b-9868-57a2d4851a1d" />
    <TestList name="All Loaded Results" id="19431567-8539-422a-85d7-44ee4e166bda" />
  </TestLists>
  <TestEntries>
    <TestEntry testId="850d93cf-145c-42a8-bb1a-e22310642cb6" executionId="78d4c1a5-9062-4b66-948f-a464f11e7188" testListId="8c84fa94-04c1-424b-9868-57a2d4851a1d" />
  </TestEntries>
  <Results>
    <WebAiiTestResult executionId="78d4c1a5-9062-4b66-948f-a464f11e7188" testId="850d93cf-145c-42a8-bb1a-e22310642cb6" testName="JayneTest" computerName="DEMO" duration="05:01:24.3298233" startTime="2012-03-05T10:40:42.5303646-05:00" endTime="2012-03-05T10:42:06.8601879-05:00" testType="c4241296-3c6e-46b1-bf92-e0bd3e0eb017" outcome="Aborted" testListId="8c84fa94-04c1-424b-9868-57a2d4851a1d" relativeResultsDirectory="78d4c1a5-9062-4b66-948f-a464f11e7188" xmlns="http://artoftest.com/schemas/WebAiiDesignCanvas/1.0.0">
    </WebAiiTestResult>
  </Results>
</TestRun>