<?xml version="1.0" encoding="UTF-8"?>
<TestRun id="f5e6bdb6-c964-4c23-91d1-5a638087972a" name="Administrator@DEMO 2012-03-09 12:21:42" runUser="DEMO\Administrator" xmlns="http://microsoft.com/schemas/VisualStudio/TeamTest/2010">
  <TestSettings name="Default Test Settings" id="3e66b2e4-a963-4d48-aa3b-c00dd7fdd24e">
    <Execution>
      <TestTypeSpecific />
      <AgentRule name="Execution Agents">
      </AgentRule>
    </Execution>
    <Deployment runDeploymentRoot="Administrator_DEMO 2012-03-09 12_21_42" />
  </TestSettings>
  <Times creation="2012-03-09T12:21:42.6014889-05:00" queuing="2012-03-09T12:21:43.7585551-05:00" start="2012-03-09T12:21:44.2635840-05:00" finish="2012-03-09T12:23:43.3793970-05:00" />
  <ResultSummary outcome="Error">
    <Counters total="1" executed="1" error="0" failed="0" timeout="0" aborted="1" inconclusive="0" passedButRunAborted="0" notRunnable="0" notExecuted="0" disconnected="0" warning="0" passed="0" completed="0" inProgress="0" pending="0" />
    <RunInfos>
      <RunInfo computerName="DEMO" outcome="Error" timestamp="2012-03-09T12:23:43.3763969-05:00">
        <Text>Test host process exited unexpectedly.</Text>
      </RunInfo>
    </RunInfos>
  </ResultSummary>
  <TestDefinitions>
    <WebAiiTest name="JayneTest" storage="d:\teststudiodemos\workingwithlocators\locatortests\jaynetest.tstest" priority="0" id="850d93cf-145c-42a8-bb1a-e22310642cb6" xmlns="http://artoftest.com/schemas/WebAiiDesignCanvas/1.0.0">
      <Description xmlns="http://microsoft.com/schemas/VisualStudio/TeamTest/2010">WebAii Testcase</Description>
      <DeploymentItems xmlns="http://microsoft.com/schemas/VisualStudio/TeamTest/2010">
        <DeploymentItem filename="bin\Debug\LocatorTests.dll" />
      </DeploymentItems>
      <Execution id="1f34480f-ceb0-48f5-a788-558e4ded8467" xmlns="http://microsoft.com/schemas/VisualStudio/TeamTest/2010" />
    </WebAiiTest>
  </TestDefinitions>
  <TestLists>
    <TestList name="Results Not in a List" id="8c84fa94-04c1-424b-9868-57a2d4851a1d" />
    <TestList name="All Loaded Results" id="19431567-8539-422a-85d7-44ee4e166bda" />
  </TestLists>
  <TestEntries>
    <TestEntry testId="850d93cf-145c-42a8-bb1a-e22310642cb6" executionId="1f34480f-ceb0-48f5-a788-558e4ded8467" testListId="8c84fa94-04c1-424b-9868-57a2d4851a1d" />
  </TestEntries>
  <Results>
    <WebAiiTestResult executionId="1f34480f-ceb0-48f5-a788-558e4ded8467" testId="850d93cf-145c-42a8-bb1a-e22310642cb6" testName="JayneTest" computerName="DEMO" duration="05:01:59.0628100" startTime="2012-03-09T12:21:44.3165870-05:00" endTime="2012-03-09T12:23:43.3793970-05:00" testType="c4241296-3c6e-46b1-bf92-e0bd3e0eb017" outcome="Aborted" testListId="8c84fa94-04c1-424b-9868-57a2d4851a1d" relativeResultsDirectory="1f34480f-ceb0-48f5-a788-558e4ded8467" xmlns="http://artoftest.com/schemas/WebAiiDesignCanvas/1.0.0">
    </WebAiiTestResult>
  </Results>
</TestRun>