<?xml version="1.0" encoding="UTF-8"?>
<TestRun id="e2f83c7e-c8bf-41e2-b302-d14ba2872e81" name="Administrator@DEMO 2012-03-09 12:20:14" runUser="DEMO\Administrator" xmlns="http://microsoft.com/schemas/VisualStudio/TeamTest/2010">
  <TestSettings name="TestSettings1" id="88b6f261-141e-4dfe-95ff-3d149d96737b">
    <Description>These are default test settings for a local test run.</Description>
    <Deployment enabled="false" runDeploymentRoot="Administrator_DEMO 2012-03-09 12_20_14" />
    <Execution>
      <TestTypeSpecific />
      <AgentRule name="Execution Agents">
      </AgentRule>
    </Execution>
  </TestSettings>
  <Times creation="2012-03-09T12:20:14.9054730-05:00" queuing="2012-03-09T12:20:15.2714939-05:00" start="2012-03-09T12:20:15.4525043-05:00" finish="2012-03-09T12:20:15.5175080-05:00" />
  <ResultSummary outcome="Failed">
    <Counters total="1" executed="1" error="0" failed="1" timeout="0" aborted="0" inconclusive="0" passedButRunAborted="0" notRunnable="0" notExecuted="0" disconnected="0" warning="0" passed="0" completed="0" inProgress="0" pending="0" />
    <RunInfos>
      <RunInfo computerName="DEMO" outcome="Warning" timestamp="2012-03-09T12:20:15.0944838-05:00">
        <Text>Deployment is currently disabled. The deployment item 'bin\Debug\LocatorTests.dll' on test 'd:\teststudiodemos\workingwithlocators\locatortests\jaynetest.tstest' was not deployed.</Text>
      </RunInfo>
    </RunInfos>
  </ResultSummary>
  <TestDefinitions>
    <WebAiiTest name="JayneTest" storage="d:\teststudiodemos\workingwithlocators\locatortests\jaynetest.tstest" priority="0" id="850d93cf-145c-42a8-bb1a-e22310642cb6" xmlns="http://artoftest.com/schemas/WebAiiDesignCanvas/1.0.0">
      <Description xmlns="http://microsoft.com/schemas/VisualStudio/TeamTest/2010">WebAii Testcase</Description>
      <DeploymentItems xmlns="http://microsoft.com/schemas/VisualStudio/TeamTest/2010">
        <DeploymentItem filename="bin\Debug\LocatorTests.dll" />
      </DeploymentItems>
      <Execution id="c3130089-6163-4d52-9245-5a0de9a18b63" xmlns="http://microsoft.com/schemas/VisualStudio/TeamTest/2010" />
    </WebAiiTest>
  </TestDefinitions>
  <TestLists>
    <TestList name="Results Not in a List" id="8c84fa94-04c1-424b-9868-57a2d4851a1d" />
    <TestList name="All Loaded Results" id="19431567-8539-422a-85d7-44ee4e166bda" />
  </TestLists>
  <TestEntries>
    <TestEntry testId="850d93cf-145c-42a8-bb1a-e22310642cb6" executionId="c3130089-6163-4d52-9245-5a0de9a18b63" testListId="8c84fa94-04c1-424b-9868-57a2d4851a1d" />
  </TestEntries>
  <Results>
    <WebAiiTestResult executionId="c3130089-6163-4d52-9245-5a0de9a18b63" testId="850d93cf-145c-42a8-bb1a-e22310642cb6" testName="JayneTest" computerName="DEMO" startTime="2012-03-09T12:20:15.4845061-05:00" endTime="2012-03-09T12:20:15.5005070-05:00" testType="c4241296-3c6e-46b1-bf92-e0bd3e0eb017" outcome="Failed" testListId="8c84fa94-04c1-424b-9868-57a2d4851a1d" relativeResultsDirectory="c3130089-6163-4d52-9245-5a0de9a18b63" xmlns="http://artoftest.com/schemas/WebAiiDesignCanvas/1.0.0">
      <Output xmlns="http://microsoft.com/schemas/VisualStudio/TeamTest/2010">
        <ErrorInfo>
          <Message>System.Exception: Deployment is Disabled in your .testsettings file! Please enable that setting (double-click) .testsettings, select 'Deployment' and check 'Enable Deployment'. This will allow the code behind file of your test to be copied to the execution folder during Visual Studio execution
   at ArtOfTest.WebAiiVSIP.WebAiiTestAdapter.Run(ITestElement testElement, ITestContext testContext)</Message>
        </ErrorInfo>
      </Output>
    </WebAiiTestResult>
  </Results>
</TestRun>