<?xml version="1.0" encoding="UTF-8"?>
<TestRun id="307a39cb-2978-47a1-95ee-0d4706ed064c" name="Administrator@DEMO 2012-03-13 23:09:37" runUser="DEMO\Administrator" xmlns="http://microsoft.com/schemas/VisualStudio/TeamTest/2010">
  <TestSettings name="Default Test Settings" id="78dd8cc7-4235-4d31-aa98-16e33f6ec979">
    <Execution>
      <TestTypeSpecific />
      <AgentRule name="Execution Agents">
      </AgentRule>
    </Execution>
    <Deployment runDeploymentRoot="Administrator_DEMO 2012-03-13 23_09_37" />
  </TestSettings>
  <Times creation="2012-03-13T23:09:37.8234965-04:00" queuing="2012-03-13T23:09:38.4725336-04:00" start="2012-03-13T23:09:38.6215422-04:00" finish="2012-03-13T23:09:51.2942670-04:00" />
  <ResultSummary outcome="Aborted">
    <Counters total="1" executed="1" error="0" failed="0" timeout="0" aborted="1" inconclusive="0" passedButRunAborted="0" notRunnable="0" notExecuted="0" disconnected="0" warning="0" passed="0" completed="0" inProgress="0" pending="0" />
  </ResultSummary>
  <TestDefinitions>
    <WebAiiTest name="WebTest1" storage="d:\teststudiodemos\codepalousa-workshop\codepalousa-workshop\webtest1.tstest" priority="0" id="e6349bdc-6444-4288-865f-db0c036effee" xmlns="http://artoftest.com/schemas/WebAiiDesignCanvas/1.0.0">
      <Description xmlns="http://microsoft.com/schemas/VisualStudio/TeamTest/2010">WebAii Testcase</Description>
      <DeploymentItems xmlns="http://microsoft.com/schemas/VisualStudio/TeamTest/2010">
        <DeploymentItem filename="bin\Debug\CodePalousa-Workshop.dll" />
      </DeploymentItems>
      <Execution id="8dc9657e-10f4-4869-8edc-f5178bd6c8ba" xmlns="http://microsoft.com/schemas/VisualStudio/TeamTest/2010" />
    </WebAiiTest>
  </TestDefinitions>
  <TestLists>
    <TestList name="Results Not in a List" id="8c84fa94-04c1-424b-9868-57a2d4851a1d" />
    <TestList name="All Loaded Results" id="19431567-8539-422a-85d7-44ee4e166bda" />
  </TestLists>
  <TestEntries>
    <TestEntry testId="e6349bdc-6444-4288-865f-db0c036effee" executionId="8dc9657e-10f4-4869-8edc-f5178bd6c8ba" testListId="8c84fa94-04c1-424b-9868-57a2d4851a1d" />
  </TestEntries>
  <Results>
    <TestResult executionId="8dc9657e-10f4-4869-8edc-f5178bd6c8ba" testId="e6349bdc-6444-4288-865f-db0c036effee" testName="WebTest1" computerName="DEMO" duration="00:00:07.6134354" startTime="2012-03-13T23:09:38.6445435-04:00" endTime="2012-03-13T23:09:46.2579789-04:00" testType="c4241296-3c6e-46b1-bf92-e0bd3e0eb017" outcome="Aborted" testListId="8c84fa94-04c1-424b-9868-57a2d4851a1d" relativeResultsDirectory="8dc9657e-10f4-4869-8edc-f5178bd6c8ba">
      <Output>
        <ErrorInfo>
          <Message>User aborted test run.</Message>
        </ErrorInfo>
      </Output>
    </TestResult>
  </Results>
</TestRun>