<?xml version="1.0" encoding="utf-8" standalone="no"?>
<!--This file represents the results of running a test suite-->
<test-results name="D:\TestStudioDemos\DevReachWorkshop\DevReachWorkshopTests.nunit" total="1" errors="0" failures="0" not-run="0" inconclusive="0" ignored="0" skipped="0" invalid="0" date="2012-10-03" time="07:50:26">
  <environment nunit-version="2.5.10.11092" clr-version="2.0.50727.5456" os-version="Microsoft Windows NT 6.1.7601 Service Pack 1" platform="Win32NT" cwd="C:\Program Files (x86)\NUnit 2.5.10\bin\net-2.0" machine-name="DEMO" user="Administrator" user-domain="DEMO" />
  <culture-info current-culture="en-US" current-uiculture="en-US" />
  <test-suite type="Project" name="D:\TestStudioDemos\DevReachWorkshop\DevReachWorkshopTests.nunit" executed="True" result="Success" success="True" time="10.840" asserts="0">
    <results>
      <test-suite type="Assembly" name="D:\TestStudioDemos\DevReachWorkshop\DevReach.Working\bin\Debug\DevReach.Working.dll" executed="True" result="Success" success="True" time="10.827" asserts="0">
        <results>
          <test-suite type="Namespace" name="DevReach" executed="True" result="Success" success="True" time="10.826" asserts="0">
            <results>
              <test-suite type="Namespace" name="Working" executed="True" result="Success" success="True" time="10.826" asserts="0">
                <results>
                  <test-suite type="TestFixture" name="When_logging_on_to_system" executed="True" result="Success" success="True" time="10.824" asserts="0">
                    <results>
                      <test-case name="DevReach.Working.When_logging_on_to_system.providing_correct_credentials_logs_user_on" executed="True" result="Success" success="True" time="10.806" asserts="1" />
                    </results>
                  </test-suite>
                </results>
              </test-suite>
            </results>
          </test-suite>
        </results>
      </test-suite>
    </results>
  </test-suite>
</test-results>