<?xml version="1.0" encoding="UTF-8"?>
<TestRun id="01c827e0-7b99-41e3-b562-bea9869a0a82" name="Administrator@DEMO 2012-02-26 17:23:16" runUser="DEMO\Administrator" xmlns="http://microsoft.com/schemas/VisualStudio/TeamTest/2010">
  <TestSettings name="Default Test Settings" id="1f4699ee-5947-45ec-b75f-b3c4607ba5ad">
    <Execution>
      <TestTypeSpecific />
      <AgentRule name="Execution Agents">
      </AgentRule>
    </Execution>
    <Deployment runDeploymentRoot="Administrator_DEMO 2012-02-26 17_23_16" />
  </TestSettings>
  <Times creation="2012-02-26T17:23:16.7124635-05:00" queuing="2012-02-26T17:23:18.0185382-05:00" start="2012-02-26T17:23:18.3405566-05:00" finish="2012-02-26T17:23:32.1843484-05:00" />
  <ResultSummary outcome="NotExecuted">
    <Counters total="1" error="0" failed="0" timeout="0" aborted="0" inconclusive="0" passedButRunAborted="0" notRunnable="0" notExecuted="1" disconnected="0" warning="0" passed="0" completed="0" inProgress="0" pending="0" />
  </ResultSummary>
  <TestDefinitions>
    <WebAiiTest name="WebTest1" storage="d:\teststudiodemos\codepalousa-workshop\codepalousa-workshop\webtest1.tstest" priority="0" id="e6349bdc-6444-4288-865f-db0c036effee" xmlns="http://artoftest.com/schemas/WebAiiDesignCanvas/1.0.0">
      <Description xmlns="http://microsoft.com/schemas/VisualStudio/TeamTest/2010">WebAii Testcase</Description>
      <DeploymentItems xmlns="http://microsoft.com/schemas/VisualStudio/TeamTest/2010">
        <DeploymentItem filename="bin\Debug\CodePalousa-Workshop.dll" />
      </DeploymentItems>
      <Execution id="dd41e05d-fe29-4de0-bc14-ec6f7b708a96" xmlns="http://microsoft.com/schemas/VisualStudio/TeamTest/2010" />
    </WebAiiTest>
  </TestDefinitions>
  <TestLists>
    <TestList name="Results Not in a List" id="8c84fa94-04c1-424b-9868-57a2d4851a1d" />
    <TestList name="All Loaded Results" id="19431567-8539-422a-85d7-44ee4e166bda" />
  </TestLists>
  <TestEntries>
    <TestEntry testId="e6349bdc-6444-4288-865f-db0c036effee" executionId="dd41e05d-fe29-4de0-bc14-ec6f7b708a96" testListId="8c84fa94-04c1-424b-9868-57a2d4851a1d" />
  </TestEntries>
  <Results>
    <WebAiiTestResult executionId="dd41e05d-fe29-4de0-bc14-ec6f7b708a96" testId="e6349bdc-6444-4288-865f-db0c036effee" testName="WebTest1" computerName="DEMO" duration="00:00:13.5997777" startTime="2012-02-26T17:23:18.4685639-05:00" endTime="2012-02-26T17:23:32.0833427-05:00" testType="c4241296-3c6e-46b1-bf92-e0bd3e0eb017" outcome="NotExecuted" testListId="8c84fa94-04c1-424b-9868-57a2d4851a1d" relativeResultsDirectory="dd41e05d-fe29-4de0-bc14-ec6f7b708a96" xmlns="http://artoftest.com/schemas/WebAiiDesignCanvas/1.0.0">
      <Output xmlns="http://microsoft.com/schemas/VisualStudio/TeamTest/2010">
        <ErrorInfo>
          <Message>Overall Result: NotRun
------------------------------------------------------------
'2/26/2012 5:23:18 PM' - Using .Net Runtime version: '4.0.30319.237' for tests execution.
'2/26/2012 5:23:18 PM' - Starting execution....
------------------------------------------------------------
------------------------------------------------------------
'2/26/2012 5:23:21 PM' - Using 'InternetExplorer' version '9.0' as default browser. 
------------------------------------------------------------
'2/26/2012 5:23:21 PM' - Overall Result: NotRun
'2/26/2012 5:23:21 PM' - Duration: [0 min: 0 sec: 35 msec]
------------------------------------------------------------
'2/26/2012 5:23:21 PM' - Test completed!
</Message>
        </ErrorInfo>
      </Output>
      <WebAiiTestResult Type="ArtOfTest.WebAii.Design.Execution.TestResult" Version="2011.2.1413.0" xmlns="">
        <TestId Type="System.String">e6349bdc-6444-4288-865f-db0c036effee</TestId>
        <TestName Type="System.String">WebTest1</TestName>
        <TestPath Type="System.String">WebTest1.tstest</TestPath>
        <TestDescription Type="System.String">
        </TestDescription>
        <ProjectPath Type="System.String">
        </ProjectPath>
        <ResultType Type="ArtOfTest.Common.Design.ResultType">NotRun</ResultType>
        <AutomationStepResults />
        <NotRunStepDescriptions />
        <PerStepMessages Type="System.String">Overall Result: NotRun
------------------------------------------------------------
'2/26/2012 5:23:18 PM' - Using .Net Runtime version: '4.0.30319.237' for tests execution.
'2/26/2012 5:23:18 PM' - Starting execution....
------------------------------------------------------------
------------------------------------------------------------
'2/26/2012 5:23:21 PM' - Using 'InternetExplorer' version '9.0' as default browser. 
------------------------------------------------------------
'2/26/2012 5:23:21 PM' - Overall Result: NotRun
'2/26/2012 5:23:21 PM' - Duration: [0 min: 0 sec: 35 msec]
------------------------------------------------------------
'2/26/2012 5:23:21 PM' - Test completed!
</PerStepMessages>
        <TotalNumberOfPassedSteps Type="System.Int32">0</TotalNumberOfPassedSteps>
        <ExecutingTestStepCount Type="System.Int32">0</ExecutingTestStepCount>
        <TotalNumberOfNotRunSteps Type="System.Int32">0</TotalNumberOfNotRunSteps>
        <IsDataDrivenResult Type="System.Boolean">False</IsDataDrivenResult>
        <SeparatorLineCharCount Type="System.Int32">60</SeparatorLineCharCount>
        <ExecutionType Type="ArtOfTest.Common.Design.ExecutionType">QuickExecution</ExecutionType>
        <EndTime Type="System.DateTime">2012-02-26 22:23:21Z</EndTime>
        <StarTime Type="System.DateTime">2012-02-26 22:23:21Z</StarTime>
        <DataIterationResults />
        <VersionGroupKey Type="System.String">00000000-0000-0000-0000-000000000000</VersionGroupKey>
      </WebAiiTestResult>
    </WebAiiTestResult>
  </Results>
</TestRun>