<?xml version="1.0" encoding="utf-8" standalone="no"?>
<!--This file represents the results of running a test suite-->
<test-results name="D:\TestStudioDemos\31Days-FunctionalTestIntro\Funct.nunit" total="1" errors="0" failures="0" not-run="0" inconclusive="0" ignored="0" skipped="0" invalid="0" date="2012-05-02" time="14:20:59">
  <environment nunit-version="2.5.10.11092" clr-version="2.0.50727.5420" os-version="Microsoft Windows NT 6.1.7601 Service Pack 1" platform="Win32NT" cwd="C:\Program Files (x86)\NUnit 2.5.10\bin\net-2.0" machine-name="DEMO" user="Administrator" user-domain="DEMO" />
  <culture-info current-culture="en-US" current-uiculture="en-US" />
  <test-suite type="Project" name="D:\TestStudioDemos\31Days-FunctionalTestIntro\Funct.nunit" executed="True" result="Success" success="True" time="5.057" asserts="0">
    <results>
      <test-suite type="Assembly" name="D:\TestStudioDemos\31Days-FunctionalTestIntro\WebDriver\bin\Debug\WebDriverDemo.dll" executed="True" result="Success" success="True" time="5.057" asserts="0">
        <results>
          <test-suite type="Namespace" name="WebDriverDemo" executed="True" result="Success" success="True" time="5.057" asserts="0">
            <results>
              <test-suite type="TestFixture" name="AjaxIssues" executed="True" result="Success" success="True" time="5.055" asserts="0">
                <results>
                  <test-case name="WebDriverDemo.AjaxIssues.Explicit_wait_for_content_to_appear_in_existing_element" executed="True" result="Success" success="True" time="0.837" asserts="1" />
                </results>
              </test-suite>
            </results>
          </test-suite>
        </results>
      </test-suite>
    </results>
  </test-suite>
</test-results>