<?xml version="1.0" encoding="utf-8" standalone="no"?>
<!--This file represents the results of running a test suite-->
<test-results name="D:\vsprojects\31Days-FunctionalTestIntro\Funct.nunit" total="1" errors="0" failures="0" not-run="0" inconclusive="0" ignored="0" skipped="0" invalid="0" date="2011-12-12" time="23:50:51">
  <environment nunit-version="2.5.10.11092" clr-version="2.0.50727.5420" os-version="Microsoft Windows NT 6.1.7601 Service Pack 1" platform="Win32NT" cwd="C:\Program Files (x86)\NUnit 2.5.10\bin\net-2.0" machine-name="DEMO" user="Administrator" user-domain="DEMO" />
  <culture-info current-culture="en-US" current-uiculture="en-US" />
  <test-suite type="Project" name="D:\vsprojects\31Days-FunctionalTestIntro\Funct.nunit" executed="True" result="Success" success="True" time="8.983" asserts="0">
    <results>
      <test-suite type="Assembly" name="D:\vsprojects\31Days-FunctionalTestIntro\WebDriver\bin\Debug\WebDriverDemo.dll" executed="True" result="Success" success="True" time="8.970" asserts="0">
        <results>
          <test-suite type="Namespace" name="WebDriver" executed="True" result="Success" success="True" time="8.969" asserts="0">
            <results>
              <test-suite type="TestFixture" name="Can_log_in_to_system" executed="True" result="Success" success="True" time="8.966" asserts="0">
                <results>
                  <test-case name="WebDriver.Can_log_in_to_system.Logout_link_displays" executed="True" result="Success" success="True" time="0.586" asserts="1" />
                </results>
              </test-suite>
            </results>
          </test-suite>
        </results>
      </test-suite>
    </results>
  </test-suite>
</test-results>